<?xml version="1.0" encoding="UTF-8"?>
<!-- Generated by org.testng.reporters.JUnitReportReporter -->
<testsuite hostname="LAPTOP-1KOV8VAE" failures="0" tests="1" name="qaautomation.august2021.MakeMyTrip2" time="18.532" errors="0" timestamp="06 Oct 2021 02:55:09 GMT" skipped="0">
  <testcase classname="qaautomation.august2021.MakeMyTrip2" name="tugasMakeMyTrip" time="18.532"/>
</testsuite> <!-- qaautomation.august2021.MakeMyTrip2 -->
