<?xml version="1.0" encoding="UTF-8"?>
<!-- Generated by org.testng.reporters.JUnitReportReporter -->
<testsuite hostname="LAPTOP-1KOV8VAE" failures="0" tests="1" name="qaautomation.august2021.YopmailTest" time="29.959" errors="0" timestamp="06 Oct 2021 03:16:39 GMT" skipped="0">
  <testcase classname="qaautomation.august2021.YopmailTest" name="testYopmail" time="29.959"/>
</testsuite> <!-- qaautomation.august2021.YopmailTest -->
