<?xml version="1.0" encoding="UTF-8"?>
<!-- Generated by org.testng.reporters.JUnitReportReporter -->
<testsuite hostname="LAPTOP-1KOV8VAE" failures="0" tests="1" name="qaautomation.august2021.SignUpTest" time="1.417" errors="0" timestamp="06 Oct 2021 02:18:41 GMT" skipped="0">
  <testcase classname="qaautomation.august2021.SignUpTest" name="signup" time="1.417"/>
</testsuite> <!-- qaautomation.august2021.SignUpTest -->
