<?xml version="1.0" encoding="UTF-8"?>
<!-- Generated by org.testng.reporters.JUnitReportReporter -->
<testsuite hostname="LAPTOP-1KOV8VAE" failures="0" tests="7" name="qaautomation.august2021.APITest" time="12.452" errors="0" timestamp="18 Sep 2021 06:51:29 GMT" skipped="0">
  <testcase classname="qaautomation.august2021.APITest" name="fakerEmail" time="0.178"/>
  <testcase classname="qaautomation.august2021.APITest" name="configAPI2" time="1.992"/>
  <testcase classname="qaautomation.august2021.APITest" name="incorrectLoginAPI" time="1.785"/>
  <testcase classname="qaautomation.august2021.APITest" name="dashboardAPIWithSchema" time="2.739"/>
  <testcase classname="qaautomation.august2021.APITest" name="configAPI" time="1.801"/>
  <testcase classname="qaautomation.august2021.APITest" name="userAPI" time="1.925"/>
  <testcase classname="qaautomation.august2021.APITest" name="dashboardAPI" time="2.032"/>
</testsuite> <!-- qaautomation.august2021.APITest -->
